<?xml version="1.0" encoding="UTF-8"?>
<!-- Generated by org.testng.reporters.JUnitReportReporter -->
<testsuite skipped="0" hostname="DESKTOP-L8VPHJS" name="parallelScripts.SampleTwoTest" tests="4" failures="0" timestamp="2023-03-02T19:27:49 IST" time="0.007" errors="0">
  <testcase name="testTwo" time="0.001" classname="parallelScripts.SampleTwoTest"/>
  <system-out/>
  <testcase name="testFour" time="0.002" classname="parallelScripts.SampleTwoTest"/>
  <system-out/>
  <testcase name="testOne" time="0.002" classname="parallelScripts.SampleTwoTest"/>
  <system-out/>
  <testcase name="testThree" time="0.002" classname="parallelScripts.SampleTwoTest"/>
  <system-out/>
</testsuite> <!-- parallelScripts.SampleTwoTest -->
