<?xml version="1.0" encoding="UTF-8"?>
<!-- Generated by org.testng.reporters.JUnitReportReporter -->
<testsuite skipped="0" hostname="DESKTOP-L8VPHJS" name="testScripts.DBTesting" tests="1" failures="0" timestamp="2023-03-06T21:44:50 IST" time="0.005" errors="0">
  <testcase name="test" time="0.005" classname="testScripts.DBTesting"/>
  <system-out/>
</testsuite> <!-- testScripts.DBTesting -->
