<?xml version="1.0" encoding="UTF-8"?>
<!-- Generated by org.testng.reporters.JUnitReportReporter -->
<testsuite skipped="0" hostname="DESKTOP-L8VPHJS" name="parallelScripts.SampleOneTest" tests="11" failures="0" timestamp="2023-03-02T19:38:26 IST" time="0.073" errors="0">
  <testcase name="testThree" time="0.002" classname="parallelScripts.SampleOneTest"/>
  <system-out/>
  <testcase name="testFour" time="0.013" classname="parallelScripts.SampleOneTest"/>
  <system-out/>
  <testcase name="testFour" time="0.013" classname="parallelScripts.SampleOneTest"/>
  <system-out/>
  <testcase name="testFour" time="0.005" classname="parallelScripts.SampleOneTest"/>
  <system-out/>
  <testcase name="testFour" time="0.013" classname="parallelScripts.SampleOneTest"/>
  <system-out/>
  <testcase name="testFour" time="0.013" classname="parallelScripts.SampleOneTest"/>
  <system-out/>
  <testcase name="testFour" time="0.004" classname="parallelScripts.SampleOneTest"/>
  <system-out/>
  <testcase name="testFour" time="0.006" classname="parallelScripts.SampleOneTest"/>
  <system-out/>
  <testcase name="testOne" time="0.001" classname="parallelScripts.SampleOneTest"/>
  <system-out/>
  <testcase name="testFour" time="0.002" classname="parallelScripts.SampleOneTest"/>
  <system-out/>
  <testcase name="testTwo" time="0.001" classname="parallelScripts.SampleOneTest"/>
  <system-out/>
</testsuite> <!-- parallelScripts.SampleOneTest -->
