<?xml version="1.0" encoding="UTF-8"?>
<!-- Generated by org.testng.reporters.JUnitReportReporter -->
<testsuite skipped="0" hostname="DESKTOP-L8VPHJS" name="testScripts.SampleTwoTest" tests="1" failures="0" timestamp="2023-03-13T20:59:45 IST" time="7.521" errors="0">
  <testcase name="cypressSearchTest" time="7.521" classname="testScripts.SampleTwoTest"/>
  <system-out/>
</testsuite> <!-- testScripts.SampleTwoTest -->
